2023-03-29 16:45:11.844+02:00 INFO  c.m.applicationinsights.agent - Application Insights Java Agent 3.4.10 started successfully (PID 22880, JVM running for 1.857 s)
2023-03-29 16:45:11.850+02:00 INFO  c.m.applicationinsights.agent - Java version: 19.0.2, vendor: Homebrew, home: /usr/local/Cellar/openjdk/19.0.2/libexec/openjdk.jdk/Contents/Home
2023-03-29 16:50:14.715+02:00 INFO  c.m.applicationinsights.agent - Application Insights Java Agent 3.4.10 started successfully (PID 23135, JVM running for 1.72 s)
2023-03-29 16:50:14.727+02:00 INFO  c.m.applicationinsights.agent - Java version: 19.0.2, vendor: Homebrew, home: /usr/local/Cellar/openjdk/19.0.2/libexec/openjdk.jdk/Contents/Home
2023-04-02 19:25:43.461Z INFO  c.m.applicationinsights.agent - Application Insights Java Agent 3.4.10 started successfully (PID 13991, JVM running for 2.731 s)
2023-04-02 19:25:43.466Z INFO  c.m.applicationinsights.agent - Java version: 17.0.6, vendor: Microsoft, home: /usr/lib/jvm/msopenjdk-current
2023-04-02 19:26:45.132Z INFO  c.m.applicationinsights.agent - Application Insights Java Agent 3.4.10 started successfully (PID 14611, JVM running for 2.4 s)
2023-04-02 19:26:45.143Z INFO  c.m.applicationinsights.agent - Java version: 17.0.6, vendor: Microsoft, home: /usr/lib/jvm/msopenjdk-current
2023-04-02 19:31:38.217Z INFO  c.m.applicationinsights.agent - Application Insights Java Agent 3.4.10 started successfully (PID 16385, JVM running for 2.456 s)
2023-04-02 19:31:38.222Z INFO  c.m.applicationinsights.agent - Java version: 17.0.6, vendor: Microsoft, home: /usr/lib/jvm/msopenjdk-current
2023-04-02 19:46:43.182Z WARN  c.a.m.o.e.i.p.TelemetryPipeline - Sending telemetry to the ingestion service: recvAddress(..) failed: Connection reset by peer (https://northeurope-0.in.applicationinsights.azure.com/v2.1/track) (future warnings will be aggregated and logged once every 5 minutes)
io.netty.channel.unix.Errors$NativeIoException: recvAddress(..) failed: Connection reset by peer
2023-04-02 19:46:43.273Z WARN  c.a.m.o.e.i.q.QuickPulsePingSender - Pinging live metrics endpoint: io.netty.channel.unix.Errors$NativeIoException: recvAddress(..) failed: Connection reset by peer (https://northeurope.livediagnostics.monitor.azure.com/QuickPulseService.svc) (future warnings will be aggregated and logged once every 5 minutes)
reactor.core.Exceptions$ReactiveException: io.netty.channel.unix.Errors$NativeIoException: recvAddress(..) failed: Connection reset by peer
	at reactor.core.Exceptions.propagate(Exceptions.java:408)
	at reactor.core.publisher.BlockingSingleSubscriber.blockingGet(BlockingSingleSubscriber.java:97)
	at reactor.core.publisher.Mono.block(Mono.java:1710)
	at com.azure.monitor.opentelemetry.exporter.implementation.quickpulse.QuickPulsePingSender.ping(QuickPulsePingSender.java:101)
	at com.azure.monitor.opentelemetry.exporter.implementation.quickpulse.QuickPulseCoordinator.ping(QuickPulseCoordinator.java:99)
	at com.azure.monitor.opentelemetry.exporter.implementation.quickpulse.QuickPulseCoordinator.run(QuickPulseCoordinator.java:52)
	at java.base/java.lang.Thread.run(Thread.java:833)
	Suppressed: java.lang.Exception: #block terminated with an error
		at reactor.core.publisher.BlockingSingleSubscriber.blockingGet(BlockingSingleSubscriber.java:99)
		... 5 common frames omitted
Caused by: io.netty.channel.unix.Errors$NativeIoException: recvAddress(..) failed: Connection reset by peer
2023-04-03 08:25:48.769Z ERROR c.m.applicationinsights.agent - 
*************************
Application Insights Java Agent 3.4.10 startup failed (PID 8565)
*************************

Description:
No connection string provided

Action:
Please provide connection string.

2023-04-03 10:45:58.129Z ERROR c.m.applicationinsights.agent - 
*************************
Application Insights Java Agent 3.4.10 startup failed (PID 16156)
*************************

Description:
No connection string provided

Action:
Please provide connection string.

2023-04-03 10:46:47.941Z INFO  c.m.applicationinsights.agent - Application Insights Java Agent 3.4.10 started successfully (PID 16856, JVM running for 2.885 s)
2023-04-03 10:46:47.947Z INFO  c.m.applicationinsights.agent - Java version: 17.0.6, vendor: Microsoft, home: /usr/lib/jvm/msopenjdk-current
2023-04-03 10:47:49.470Z INFO  c.m.applicationinsights.agent - Application Insights Java Agent 3.4.10 started successfully (PID 17640, JVM running for 2.474 s)
2023-04-03 10:47:49.475Z INFO  c.m.applicationinsights.agent - Java version: 17.0.6, vendor: Microsoft, home: /usr/lib/jvm/msopenjdk-current
2023-04-03 10:54:00.377Z INFO  c.m.applicationinsights.agent - Application Insights Java Agent 3.4.10 started successfully (PID 20425, JVM running for 2.598 s)
2023-04-03 10:54:00.383Z INFO  c.m.applicationinsights.agent - Java version: 17.0.6, vendor: Microsoft, home: /usr/lib/jvm/msopenjdk-current
2023-04-03 10:56:35.188Z INFO  c.m.applicationinsights.agent - Application Insights Java Agent 3.4.10 started successfully (PID 21743, JVM running for 2.522 s)
2023-04-03 10:56:35.192Z INFO  c.m.applicationinsights.agent - Java version: 17.0.6, vendor: Microsoft, home: /usr/lib/jvm/msopenjdk-current
2023-04-03 10:57:19.532Z INFO  c.m.applicationinsights.agent - Application Insights Java Agent 3.4.10 started successfully (PID 22136, JVM running for 2.898 s)
2023-04-03 10:57:19.537Z INFO  c.m.applicationinsights.agent - Java version: 17.0.6, vendor: Microsoft, home: /usr/lib/jvm/msopenjdk-current
2023-04-03 10:59:12.101Z INFO  c.m.applicationinsights.agent - Application Insights Java Agent 3.4.10 started successfully (PID 23230, JVM running for 3.085 s)
2023-04-03 10:59:12.108Z INFO  c.m.applicationinsights.agent - Java version: 17.0.6, vendor: Microsoft, home: /usr/lib/jvm/msopenjdk-current
2023-04-03 11:27:20.763Z INFO  c.m.applicationinsights.agent - Application Insights Java Agent 3.4.10 started successfully (PID 6627, JVM running for 3.217 s)
2023-04-03 11:27:20.770Z INFO  c.m.applicationinsights.agent - Java version: 17.0.6, vendor: Microsoft, home: /usr/lib/jvm/msopenjdk-current
2023-04-03 11:28:56.696Z WARN  c.a.m.o.e.i.p.TelemetryPipeline - Sending telemetry to the ingestion service: handshake timed out after 10000ms (https://northeurope-0.in.applicationinsights.azure.com/v2.1/track) (future warnings will be aggregated and logged once every 5 minutes)
io.netty.handler.ssl.SslHandshakeTimeoutException: handshake timed out after 10000ms
	at io.netty.handler.ssl.SslHandler$7.run(SslHandler.java:2124)
	at io.netty.util.concurrent.PromiseTask.runTask(PromiseTask.java:98)
	at io.netty.util.concurrent.ScheduledFutureTask.run(ScheduledFutureTask.java:153)
	at io.netty.util.concurrent.AbstractEventExecutor.runTask(AbstractEventExecutor.java:174)
	at io.netty.util.concurrent.AbstractEventExecutor.safeExecute(AbstractEventExecutor.java:167)
	at io.netty.util.concurrent.SingleThreadEventExecutor.runAllTasks(SingleThreadEventExecutor.java:470)
	at io.netty.channel.epoll.EpollEventLoop.run(EpollEventLoop.java:403)
	at io.netty.util.concurrent.SingleThreadEventExecutor$4.run(SingleThreadEventExecutor.java:997)
	at io.netty.util.internal.ThreadExecutorMap$2.run(ThreadExecutorMap.java:74)
	at io.netty.util.concurrent.FastThreadLocalRunnable.run(FastThreadLocalRunnable.java:30)
	at java.base/java.lang.Thread.run(Thread.java:833)
